Determining if the pthread_create exist failed with the following output:
Change Dir: /home/g/Desktop/GitHub/Guy/guycancellation/uhd_transceiver/tranceler_mt_rt_final/build/CMakeFiles/CMakeTmp

Run Build Command:"/usr/bin/make" "cmTC_62125/fast"
/usr/bin/make -f CMakeFiles/cmTC_62125.dir/build.make CMakeFiles/cmTC_62125.dir/build
make[1]: Entering directory '/home/g/Desktop/GitHub/Guy/guycancellation/uhd_transceiver/tranceler_mt_rt_final/build/CMakeFiles/CMakeTmp'
Building C object CMakeFiles/cmTC_62125.dir/CheckSymbolExists.c.o
/usr/bin/cc     -o CMakeFiles/cmTC_62125.dir/CheckSymbolExists.c.o   -c /home/g/Desktop/GitHub/Guy/guycancellation/uhd_transceiver/tranceler_mt_rt_final/build/CMakeFiles/CMakeTmp/CheckSymbolExists.c
Linking C executable cmTC_62125
/usr/bin/cmake -E cmake_link_script CMakeFiles/cmTC_62125.dir/link.txt --verbose=1
/usr/bin/cc       CMakeFiles/cmTC_62125.dir/CheckSymbolExists.c.o  -o cmTC_62125 -rdynamic 
CMakeFiles/cmTC_62125.dir/CheckSymbolExists.c.o: In function `main':
CheckSymbolExists.c:(.text+0x16): undefined reference to `pthread_create'
collect2: error: ld returned 1 exit status
CMakeFiles/cmTC_62125.dir/build.make:97: recipe for target 'cmTC_62125' failed
make[1]: *** [cmTC_62125] Error 1
make[1]: Leaving directory '/home/g/Desktop/GitHub/Guy/guycancellation/uhd_transceiver/tranceler_mt_rt_final/build/CMakeFiles/CMakeTmp'
Makefile:126: recipe for target 'cmTC_62125/fast' failed
make: *** [cmTC_62125/fast] Error 2

File /home/g/Desktop/GitHub/Guy/guycancellation/uhd_transceiver/tranceler_mt_rt_final/build/CMakeFiles/CMakeTmp/CheckSymbolExists.c:
/* */
#include <pthread.h>

int main(int argc, char** argv)
{
  (void)argv;
#ifndef pthread_create
  return ((int*)(&pthread_create))[argc];
#else
  (void)argc;
  return 0;
#endif
}

Determining if the function pthread_create exists in the pthreads failed with the following output:
Change Dir: /home/g/Desktop/GitHub/Guy/guycancellation/uhd_transceiver/tranceler_mt_rt_final/build/CMakeFiles/CMakeTmp

Run Build Command:"/usr/bin/make" "cmTC_aa59e/fast"
/usr/bin/make -f CMakeFiles/cmTC_aa59e.dir/build.make CMakeFiles/cmTC_aa59e.dir/build
make[1]: Entering directory '/home/g/Desktop/GitHub/Guy/guycancellation/uhd_transceiver/tranceler_mt_rt_final/build/CMakeFiles/CMakeTmp'
Building C object CMakeFiles/cmTC_aa59e.dir/CheckFunctionExists.c.o
/usr/bin/cc    -DCHECK_FUNCTION_EXISTS=pthread_create   -o CMakeFiles/cmTC_aa59e.dir/CheckFunctionExists.c.o   -c /usr/share/cmake-3.5/Modules/CheckFunctionExists.c
Linking C executable cmTC_aa59e
/usr/bin/cmake -E cmake_link_script CMakeFiles/cmTC_aa59e.dir/link.txt --verbose=1
/usr/bin/cc   -DCHECK_FUNCTION_EXISTS=pthread_create    CMakeFiles/cmTC_aa59e.dir/CheckFunctionExists.c.o  -o cmTC_aa59e -rdynamic -lpthreads 
/usr/bin/ld: cannot find -lpthreads
collect2: error: ld returned 1 exit status
CMakeFiles/cmTC_aa59e.dir/build.make:97: recipe for target 'cmTC_aa59e' failed
make[1]: *** [cmTC_aa59e] Error 1
make[1]: Leaving directory '/home/g/Desktop/GitHub/Guy/guycancellation/uhd_transceiver/tranceler_mt_rt_final/build/CMakeFiles/CMakeTmp'
Makefile:126: recipe for target 'cmTC_aa59e/fast' failed
make: *** [cmTC_aa59e/fast] Error 2


